<?xml version="1.0" encoding="UTF-8"?>
<!-- Generated by org.testng.reporters.JUnitReportReporter -->
<testsuite hostname="LIN73000821" failures="0" tests="3" name="StepDef.Runner" time="39.968" errors="0" timestamp="2023-06-12T10:53:25 IST" skipped="0">
  <testcase classname="StepDef.Runner" name="runScenario" time="13.098"/>
  <system-out/>
  <testcase classname="StepDef.Runner" name="runScenario" time="18.385"/>
  <system-out/>
  <testcase classname="StepDef.Runner" name="runScenario" time="8.485"/>
  <system-out/>
</testsuite> <!-- StepDef.Runner -->
